Using pre-set license
Built from '2021.3/staging' branch; Version is '2021.3.13f1 (9e7d58001ecf) revision 10386776'; Using compiler version '192829333'; Build Type 'Release'
OS: 'Windows 11  (10.0.22621) 64bit Professional' Language: 'en' Physical Memory: 32604 MB
BatchMode: 1, IsHumanControllingUs: 0, StartBugReporterOnCrash: 0, Is64bit: 1, IsPro: 1

COMMAND LINE ARGUMENTS:
D:\Program Files\unity\2021.3.13f1\Editor\Unity.exe
-adb2
-batchMode
-noUpm
-name
AssetImportWorker0
-projectPath
D:/ue_deneme/clash/Happy_Moon/Happy_Moon_Project
-logFile
Logs/AssetImportWorker0.log
-srvPort
55903
Successfully changed project path to: D:/ue_deneme/clash/Happy_Moon/Happy_Moon_Project
D:/ue_deneme/clash/Happy_Moon/Happy_Moon_Project
[UnityMemory] Configuration Parameters - Can be set up in boot.config
    "memorysetup-bucket-allocator-granularity=16"
    "memorysetup-bucket-allocator-bucket-count=8"
    "memorysetup-bucket-allocator-block-size=33554432"
    "memorysetup-bucket-allocator-block-count=8"
    "memorysetup-main-allocator-block-size=16777216"
    "memorysetup-thread-allocator-block-size=16777216"
    "memorysetup-gfx-main-allocator-block-size=16777216"
    "memorysetup-gfx-thread-allocator-block-size=16777216"
    "memorysetup-cache-allocator-block-size=4194304"
    "memorysetup-typetree-allocator-block-size=2097152"
    "memorysetup-profiler-bucket-allocator-granularity=16"
    "memorysetup-profiler-bucket-allocator-bucket-count=8"
    "memorysetup-profiler-bucket-allocator-block-size=33554432"
    "memorysetup-profiler-bucket-allocator-block-count=8"
    "memorysetup-profiler-allocator-block-size=16777216"
    "memorysetup-profiler-editor-allocator-block-size=1048576"
    "memorysetup-temp-allocator-size-main=16777216"
    "memorysetup-job-temp-allocator-block-size=2097152"
    "memorysetup-job-temp-allocator-block-size-background=1048576"
    "memorysetup-job-temp-allocator-reduction-small-platforms=262144"
    "memorysetup-temp-allocator-size-background-worker=32768"
    "memorysetup-temp-allocator-size-job-worker=262144"
    "memorysetup-temp-allocator-size-preload-manager=33554432"
    "memorysetup-temp-allocator-size-nav-mesh-worker=65536"
    "memorysetup-temp-allocator-size-audio-worker=65536"
    "memorysetup-temp-allocator-size-cloud-worker=32768"
    "memorysetup-temp-allocator-size-gi-baking-worker=262144"
    "memorysetup-temp-allocator-size-gfx=262144"
Refreshing native plugins compatible for Editor in 78.22 ms, found 3 plugins.
Preloading 0 native plugins for Editor in 0.00 ms.
Initialize engine version: 2021.3.13f1 (9e7d58001ecf)
[Subsystems] Discovering subsystems at path D:/Program Files/unity/2021.3.13f1/Editor/Data/Resources/UnitySubsystems
[Subsystems] Discovering subsystems at path D:/ue_deneme/clash/Happy_Moon/Happy_Moon_Project/Assets
GfxDevice: creating device client; threaded=0; jobified=0
Direct3D:
    Version:  Direct3D 11.0 [level 11.1]
    Renderer: NVIDIA GeForce RTX 3070 Laptop GPU (ID=0x249d)
    Vendor:   NVIDIA
    VRAM:     8033 MB
    Driver:   31.0.15.3598
Initialize mono
Mono path[0] = 'D:/Program Files/unity/2021.3.13f1/Editor/Data/Managed'
Mono path[1] = 'D:/Program Files/unity/2021.3.13f1/Editor/Data/MonoBleedingEdge/lib/mono/unityjit-win32'
Mono config path = 'D:/Program Files/unity/2021.3.13f1/Editor/Data/MonoBleedingEdge/etc'
Using monoOptions --debugger-agent=transport=dt_socket,embedding=1,server=y,suspend=n,address=127.0.0.1:56088
Begin MonoManager ReloadAssembly
Registering precompiled unity dll's ...
Register platform support module: D:/Program Files/unity/2021.3.13f1/Editor/Data/PlaybackEngines/WindowsStandaloneSupport/UnityEditor.WindowsStandalone.Extensions.dll
Registered in 0.010002 seconds.
Native extension for WindowsStandalone target not found
Refreshing native plugins compatible for Editor in 77.81 ms, found 3 plugins.
Preloading 0 native plugins for Editor in 0.00 ms.
Mono: successfully reloaded assembly
- Completed reload, in  0.709 seconds
Domain Reload Profiling:
	ReloadAssembly (710ms)
		BeginReloadAssembly (119ms)
			ExecutionOrderSort (0ms)
			DisableScriptedObjects (0ms)
			BackupInstance (0ms)
			ReleaseScriptingObjects (0ms)
			CreateAndSetChildDomain (1ms)
		EndReloadAssembly (466ms)
			LoadAssemblies (115ms)
			RebuildTransferFunctionScriptingTraits (0ms)
			SetupTypeCache (111ms)
			ReleaseScriptCaches (0ms)
			RebuildScriptCaches (27ms)
			SetupLoadedEditorAssemblies (273ms)
				LogAssemblyErrors (0ms)
				InitializePlatformSupportModulesInManaged (8ms)
				SetLoadedEditorAssemblies (0ms)
				RefreshPlugins (78ms)
				BeforeProcessingInitializeOnLoad (1ms)
				ProcessInitializeOnLoadAttributes (141ms)
				ProcessInitializeOnLoadMethodAttributes (44ms)
				AfterProcessingInitializeOnLoad (0ms)
				EditorAssembliesLoaded (0ms)
			ExecutionOrderSort2 (0ms)
			AwakeInstancesAfterBackupRestoration (0ms)
Platform modules already initialized, skipping
Registering precompiled user dll's ...
Registered in 0.008442 seconds.
Begin MonoManager ReloadAssembly
Symbol file LoadedFromMemory doesn't match image D:\ue_deneme\clash\Happy_Moon\Happy_Moon_Project\Library\PackageCache\com.unity.visualscripting@1.7.8\Editor\VisualScripting.Core\Dependencies\YamlDotNet\Unity.VisualScripting.YamlDotNet.dll
Symbol file LoadedFromMemory doesn't match image D:\ue_deneme\clash\Happy_Moon\Happy_Moon_Project\Library\PackageCache\com.unity.visualscripting@1.7.8\Editor\VisualScripting.Core\Dependencies\DotNetZip\Unity.VisualScripting.IonicZip.dll
Native extension for WindowsStandalone target not found
Refreshing native plugins compatible for Editor in 0.65 ms, found 3 plugins.
Preloading 0 native plugins for Editor in 0.00 ms.
Mono: successfully reloaded assembly
- Completed reload, in  1.131 seconds
Domain Reload Profiling:
	ReloadAssembly (1131ms)
		BeginReloadAssembly (128ms)
			ExecutionOrderSort (0ms)
			DisableScriptedObjects (6ms)
			BackupInstance (0ms)
			ReleaseScriptingObjects (0ms)
			CreateAndSetChildDomain (16ms)
		EndReloadAssembly (870ms)
			LoadAssemblies (112ms)
			RebuildTransferFunctionScriptingTraits (0ms)
			SetupTypeCache (296ms)
			ReleaseScriptCaches (1ms)
			RebuildScriptCaches (49ms)
			SetupLoadedEditorAssemblies (386ms)
				LogAssemblyErrors (0ms)
				InitializePlatformSupportModulesInManaged (6ms)
				SetLoadedEditorAssemblies (0ms)
				RefreshPlugins (1ms)
				BeforeProcessingInitializeOnLoad (97ms)
				ProcessInitializeOnLoadAttributes (239ms)
				ProcessInitializeOnLoadMethodAttributes (30ms)
				AfterProcessingInitializeOnLoad (12ms)
				EditorAssembliesLoaded (0ms)
			ExecutionOrderSort2 (0ms)
			AwakeInstancesAfterBackupRestoration (5ms)
Platform modules already initialized, skipping
========================================================================
Worker process is ready to serve import requests
Launched and connected shader compiler UnityShaderCompiler.exe after 0.05 seconds
Refreshing native plugins compatible for Editor in 1.10 ms, found 3 plugins.
Preloading 0 native plugins for Editor in 0.00 ms.
Unloading 3349 Unused Serialized files (Serialized files now loaded: 0)
Unloading 27 unused Assets / (113.6 KB). Loaded Objects now: 3806.
Memory consumption went from 115.4 MB to 115.3 MB.
Total: 3.582900 ms (FindLiveObjects: 0.284500 ms CreateObjectMapping: 0.229100 ms MarkObjects: 2.979300 ms  DeleteObjects: 0.089200 ms)

AssetImportParameters requested are different than current active one (requested -> active):
  custom:video-decoder-ogg-theora: a1e56fd34408186e4bbccfd4996cb3dc -> 
  custom:container-muxer-webm: aa71ff27fc2769a1b78a27578f13a17b -> 
  custom:container-demuxer-webm: 4f35f7cbe854078d1ac9338744f61a02 -> 
  custom:video-encoder-webm-vp8: eb34c28f22e8b96e1ab97ce403110664 -> 
  custom:audio-encoder-webm-vorbis: bf7c407c2cedff20999df2af8eb42d56 -> 
  custom:framework-win-MediaFoundation: 216162199b28c13a410421893ffa2e32 -> 
  custom:container-demuxer-ogg: 62fdf1f143b41e24485cea50d1cbac27 -> 
  custom:video-decoder-webm-vp8: 9c59270c3fd7afecdb556c50c9e8de78 -> 
  custom:audio-decoder-ogg-vorbis: bf7c407c2cedff20999df2af8eb42d56 -> 
========================================================================
Received Import Request.
  Time since last request: 31791.122602 seconds.
  path: Assets/Tower/Tower_Lvl_6
  artifactKey: Guid(324d27eaead7ba04da279c540f4a999a) Importer(815301076,1909f56bfc062723c751e8b465ee728b)
Start importing Assets/Tower/Tower_Lvl_6 using Guid(324d27eaead7ba04da279c540f4a999a) Importer(815301076,1909f56bfc062723c751e8b465ee728b)  -> (artifact id: '3bdb91f2c1fa8789b2538b28abdd9ba8') in 0.011882 seconds 
========================================================================
Received Import Request.
  Time since last request: 10.908333 seconds.
  path: Assets/Tower/Tower_Level_1
  artifactKey: Guid(3a9411b96dc3b6b4fba25ea9e3280347) Importer(815301076,1909f56bfc062723c751e8b465ee728b)
Start importing Assets/Tower/Tower_Level_1 using Guid(3a9411b96dc3b6b4fba25ea9e3280347) Importer(815301076,1909f56bfc062723c751e8b465ee728b)  -> (artifact id: 'd0275ce082b06aca480fe857738b778a') in 0.012667 seconds 
========================================================================
Received Import Request.
  Time since last request: 16.802568 seconds.
  path: Assets/Tower/Tower_Level_1/Tower.fbx
  artifactKey: Guid(303879bb4a8e28d4a804c53e3c622b74) Importer(815301076,1909f56bfc062723c751e8b465ee728b)
Start importing Assets/Tower/Tower_Level_1/Tower.fbx using Guid(303879bb4a8e28d4a804c53e3c622b74) Importer(815301076,1909f56bfc062723c751e8b465ee728b)  -> (artifact id: '0b40513f5b1ad95343d8d539740df803') in 0.817427 seconds 
========================================================================
Received Import Request.
  Time since last request: 20.881819 seconds.
  path: Assets/Tower/Tower_Level_1/House_1.fbx
  artifactKey: Guid(bf42c7547dd41eb4f8f3e7e8a5f19925) Importer(815301076,1909f56bfc062723c751e8b465ee728b)
Start importing Assets/Tower/Tower_Level_1/House_1.fbx using Guid(bf42c7547dd41eb4f8f3e7e8a5f19925) Importer(815301076,1909f56bfc062723c751e8b465ee728b)  -> (artifact id: 'a19597e190ba9a6bc1309bcc2ba1cc54') in 0.133320 seconds 
========================================================================
Received Import Request.
  Time since last request: 19.284291 seconds.
  path: Assets/Tower/Tower_Level_1/House_1_House_1_BaseColor.png
  artifactKey: Guid(849ddce0634a405439bfcb95e8bbe51d) Importer(815301076,1909f56bfc062723c751e8b465ee728b)
Start importing Assets/Tower/Tower_Level_1/House_1_House_1_BaseColor.png using Guid(849ddce0634a405439bfcb95e8bbe51d) Importer(815301076,1909f56bfc062723c751e8b465ee728b)  -> (artifact id: '33115a445c0a943cf5533f2df21428c2') in 0.064675 seconds 
========================================================================
Received Import Request.
  Time since last request: 396.726994 seconds.
  path: Assets/Tower/Tower_Level_1/House_1.mat
  artifactKey: Guid(31bd501961e92db4db258c007110abb0) Importer(815301076,1909f56bfc062723c751e8b465ee728b)
Start importing Assets/Tower/Tower_Level_1/House_1.mat using Guid(31bd501961e92db4db258c007110abb0) Importer(815301076,1909f56bfc062723c751e8b465ee728b)  -> (artifact id: '1916cd148023fe2c9a86bb35d3fe6600') in 0.016064 seconds 
========================================================================
Received Import Request.
  Time since last request: 4.920881 seconds.
  path: Assets/Tower/Tower_Level_1/House_1.fbx
  artifactKey: Guid(bf42c7547dd41eb4f8f3e7e8a5f19925) Importer(815301076,1909f56bfc062723c751e8b465ee728b)
Start importing Assets/Tower/Tower_Level_1/House_1.fbx using Guid(bf42c7547dd41eb4f8f3e7e8a5f19925) Importer(815301076,1909f56bfc062723c751e8b465ee728b)  -> (artifact id: '8250489851a998e9cd2e38ae2ae220d5') in 0.128658 seconds 
========================================================================
Received Import Request.
  Time since last request: 8.099775 seconds.
  path: Assets/Tower/Tower_Level_1/House_1_House_1_Normal.png
  artifactKey: Guid(ca2b0992d97ecde46b893388f359fe3f) Importer(815301076,1909f56bfc062723c751e8b465ee728b)
Start importing Assets/Tower/Tower_Level_1/House_1_House_1_Normal.png using Guid(ca2b0992d97ecde46b893388f359fe3f) Importer(815301076,1909f56bfc062723c751e8b465ee728b)  -> (artifact id: 'b4d7aef3e1dfce633b376612cc44db4d') in 0.025215 seconds 
========================================================================
Received Import Request.
  Time since last request: 414.992186 seconds.
  path: Assets/Tower/Tower_Level_1/House_1.fbx
  artifactKey: Guid(bf42c7547dd41eb4f8f3e7e8a5f19925) Importer(815301076,1909f56bfc062723c751e8b465ee728b)
Start importing Assets/Tower/Tower_Level_1/House_1.fbx using Guid(bf42c7547dd41eb4f8f3e7e8a5f19925) Importer(815301076,1909f56bfc062723c751e8b465ee728b)  -> (artifact id: 'c3f26d7805ab696a78bc57f06af6f0f7') in 0.157937 seconds 
========================================================================
Received Import Request.
  Time since last request: 14.046210 seconds.
  path: Assets/EffectTexturesAndPrefabs
  artifactKey: Guid(4dcf5dbdae844774795a5fb824ab5f44) Importer(815301076,1909f56bfc062723c751e8b465ee728b)
Start importing Assets/EffectTexturesAndPrefabs using Guid(4dcf5dbdae844774795a5fb824ab5f44) Importer(815301076,1909f56bfc062723c751e8b465ee728b)  -> (artifact id: '711c99e11e9241a556de9e8bd57c4412') in 0.015206 seconds 
========================================================================
Received Import Request.
  Time since last request: 3.814731 seconds.
  path: Assets/EffectTexturesAndPrefabs/Animations
  artifactKey: Guid(27d837b9f58640c48a20a83fc0f964ae) Importer(815301076,1909f56bfc062723c751e8b465ee728b)
Start importing Assets/EffectTexturesAndPrefabs/Animations using Guid(27d837b9f58640c48a20a83fc0f964ae) Importer(815301076,1909f56bfc062723c751e8b465ee728b)  -> (artifact id: '2a826abdf11042417eb2c9dc5d008acf') in 0.014770 seconds 
========================================================================
Received Import Request.
  Time since last request: 4.344705 seconds.
  path: Assets/EffectTexturesAndPrefabs/Prefabs
  artifactKey: Guid(a3a504e408ca2f24697af91ece75274d) Importer(815301076,1909f56bfc062723c751e8b465ee728b)
Start importing Assets/EffectTexturesAndPrefabs/Prefabs using Guid(a3a504e408ca2f24697af91ece75274d) Importer(815301076,1909f56bfc062723c751e8b465ee728b)  -> (artifact id: 'e005f001c8ac0903d65d02cb6cc5adbf') in 0.011279 seconds 
========================================================================
Received Import Request.
  Time since last request: 0.044006 seconds.
  path: Assets/EffectTexturesAndPrefabs/Prefabs/BlueGuy.fbx
  artifactKey: Guid(fb2b06b61d6822d449ad6dff7007557d) Importer(815301076,1909f56bfc062723c751e8b465ee728b)
Start importing Assets/EffectTexturesAndPrefabs/Prefabs/BlueGuy.fbx using Guid(fb2b06b61d6822d449ad6dff7007557d) Importer(815301076,1909f56bfc062723c751e8b465ee728b)  -> (artifact id: '41c549f3469f2e166c184e641a4781ab') in 0.030057 seconds 
========================================================================
Received Import Request.
  Time since last request: 0.000103 seconds.
  path: Assets/EffectTexturesAndPrefabs/Prefabs/Star_B.prefab
  artifactKey: Guid(2547a66872ebe45408ace228820a79e1) Importer(815301076,1909f56bfc062723c751e8b465ee728b)
Start importing Assets/EffectTexturesAndPrefabs/Prefabs/Star_B.prefab using Guid(2547a66872ebe45408ace228820a79e1) Importer(815301076,1909f56bfc062723c751e8b465ee728b)  -> (artifact id: 'ccfbf984cd3b7c62283a596d8dcf5086') in 0.115386 seconds 
========================================================================
Received Import Request.
  Time since last request: 0.000017 seconds.
  path: Assets/EffectTexturesAndPrefabs/Prefabs/smoke_thick.prefab
  artifactKey: Guid(d26aaf76e6e2409448242b9a2d66f31f) Importer(815301076,1909f56bfc062723c751e8b465ee728b)
Start importing Assets/EffectTexturesAndPrefabs/Prefabs/smoke_thick.prefab using Guid(d26aaf76e6e2409448242b9a2d66f31f) Importer(815301076,1909f56bfc062723c751e8b465ee728b)  -> (artifact id: '3d1cad0c08af9a16a51f33a16185b6b4') in 2.143344 seconds 
========================================================================
Received Import Request.
  Time since last request: 0.000024 seconds.
  path: Assets/EffectTexturesAndPrefabs/Prefabs/Plane.prefab
  artifactKey: Guid(d1fbff3227e65a143b2f53a6f47faaca) Importer(815301076,1909f56bfc062723c751e8b465ee728b)
Start importing Assets/EffectTexturesAndPrefabs/Prefabs/Plane.prefab using Guid(d1fbff3227e65a143b2f53a6f47faaca) Importer(815301076,1909f56bfc062723c751e8b465ee728b)  -> (artifact id: '70c02d0edac86973aff24e1a57b52cda') in 0.022034 seconds 
========================================================================
Received Import Request.
  Time since last request: 0.000034 seconds.
  path: Assets/EffectTexturesAndPrefabs/Prefabs/Fire_A.prefab
  artifactKey: Guid(8b47f39d91e61384889cff33839361dc) Importer(815301076,1909f56bfc062723c751e8b465ee728b)
Start importing Assets/EffectTexturesAndPrefabs/Prefabs/Fire_A.prefab using Guid(8b47f39d91e61384889cff33839361dc) Importer(815301076,1909f56bfc062723c751e8b465ee728b)  -> (artifact id: '08f42ef6bb95c3b373d1716c24b7b6fa') in 0.889094 seconds 
========================================================================
Received Import Request.
  Time since last request: 0.000022 seconds.
  path: Assets/EffectTexturesAndPrefabs/Prefabs/smoke_thin.prefab
  artifactKey: Guid(b07739ad126c6ff46875821c2a3cd124) Importer(815301076,1909f56bfc062723c751e8b465ee728b)
Start importing Assets/EffectTexturesAndPrefabs/Prefabs/smoke_thin.prefab using Guid(b07739ad126c6ff46875821c2a3cd124) Importer(815301076,1909f56bfc062723c751e8b465ee728b)  -> (artifact id: '23af80c6e06fb1d3ba30c9ed410a72a2') in 0.025134 seconds 
========================================================================
Received Import Request.
  Time since last request: 0.000025 seconds.
  path: Assets/EffectTexturesAndPrefabs/Prefabs/HitEffect_A.prefab
  artifactKey: Guid(643639841fb531e4ba8097fed4eb9ac7) Importer(815301076,1909f56bfc062723c751e8b465ee728b)
Start importing Assets/EffectTexturesAndPrefabs/Prefabs/HitEffect_A.prefab using Guid(643639841fb531e4ba8097fed4eb9ac7) Importer(815301076,1909f56bfc062723c751e8b465ee728b)  -> (artifact id: '635ddf472ada853aa1501e702219828f') in 0.027433 seconds 
========================================================================
Received Import Request.
  Time since last request: 0.000019 seconds.
  path: Assets/EffectTexturesAndPrefabs/Prefabs/ShockWave.prefab
  artifactKey: Guid(5cbc537826220e04592d5a41a0dd985f) Importer(815301076,1909f56bfc062723c751e8b465ee728b)
Start importing Assets/EffectTexturesAndPrefabs/Prefabs/ShockWave.prefab using Guid(5cbc537826220e04592d5a41a0dd985f) Importer(815301076,1909f56bfc062723c751e8b465ee728b)  -> (artifact id: '7c35c9e96a8bb99cad3943507f091e9b') in 0.023955 seconds 
========================================================================
Received Import Request.
  Time since last request: 0.000018 seconds.
  path: Assets/EffectTexturesAndPrefabs/Prefabs/Star_A.prefab
  artifactKey: Guid(cc461484bcafc664fb68be84c1fc6860) Importer(815301076,1909f56bfc062723c751e8b465ee728b)
Start importing Assets/EffectTexturesAndPrefabs/Prefabs/Star_A.prefab using Guid(cc461484bcafc664fb68be84c1fc6860) Importer(815301076,1909f56bfc062723c751e8b465ee728b)  -> (artifact id: 'af2036775ae26dd1e9a32410a0189873') in 0.024425 seconds 
========================================================================
Received Import Request.
  Time since last request: 0.000022 seconds.
  path: Assets/EffectTexturesAndPrefabs/Prefabs/Fire_B.prefab
  artifactKey: Guid(83f5e574addfb424ebd95bbb8ff8b080) Importer(815301076,1909f56bfc062723c751e8b465ee728b)
Start importing Assets/EffectTexturesAndPrefabs/Prefabs/Fire_B.prefab using Guid(83f5e574addfb424ebd95bbb8ff8b080) Importer(815301076,1909f56bfc062723c751e8b465ee728b)  -> (artifact id: '1d140fc4ee87d734a66fcf94ac4ec872') in 0.028429 seconds 
========================================================================
Received Import Request.
  Time since last request: 0.000018 seconds.
  path: Assets/EffectTexturesAndPrefabs/Prefabs/HitEffect_B.prefab
  artifactKey: Guid(3fe0df07025a3e747855b1bb671fc04e) Importer(815301076,1909f56bfc062723c751e8b465ee728b)
Start importing Assets/EffectTexturesAndPrefabs/Prefabs/HitEffect_B.prefab using Guid(3fe0df07025a3e747855b1bb671fc04e) Importer(815301076,1909f56bfc062723c751e8b465ee728b)  -> (artifact id: '43072c5d0d514cec3582de6fb10ddfbf') in 0.201372 seconds 
========================================================================
Received Import Request.
  Time since last request: 0.000029 seconds.
  path: Assets/EffectTexturesAndPrefabs/Prefabs/Spark.prefab
  artifactKey: Guid(18c0a8b63ea8b4448a595b0c24c1384a) Importer(815301076,1909f56bfc062723c751e8b465ee728b)
Start importing Assets/EffectTexturesAndPrefabs/Prefabs/Spark.prefab using Guid(18c0a8b63ea8b4448a595b0c24c1384a) Importer(815301076,1909f56bfc062723c751e8b465ee728b)  -> (artifact id: '408bdcd8aa7d1a1c5e80d92d24636030') in 0.091505 seconds 
Editor requested this worker to shutdown with reason: Scaling down because of idle timeout
AssetImportWorker is now disconnected from the server
Process exiting
Exiting without the bug reporter. Application will terminate with return code 0